<?xml version="1.0" encoding="UTF-8"?>
<testsuite name="Open Tarifario" tests="1" skipped="0" failures="0" errors="0" timestamp="2020-07-03T18:43:50" hostname="CPX-HYVW13KHBO5" time="39.321">
  <properties/>
  <testcase name="Open Tarifario" classname="Open Tarifario" time="39.321"/>
  <system-out><![CDATA[]]></system-out>
  <system-err><![CDATA[Jul 03, 2020 1:43:51 PM org.openqa.selenium.remote.DesiredCapabilities chrome
INFO: Using `new ChromeOptions()` is preferred to `DesiredCapabilities.chrome()`
Starting ChromeDriver 2.41.578737 (49da6702b16031c40d63e5618de03a32ff6c197e) on port 6373
Only local connections are allowed.
[1593801837.500][WARNING]: Timed out connecting to Chrome, retrying...
Jul 03, 2020 1:43:59 PM org.openqa.selenium.remote.ProtocolHandshake createSession
INFO: Detected dialect: OSS
[Test worker] INFO net.thucydides.core.steps.ConsoleLoggingListener - 
        __    _____ _____ ____ _____   ____   _    ____  ____  _____ ____  
  _     \ \  |_   _| ____/ ___|_   _| |  _ \ / \  / ___|/ ___|| ____|  _ \ 
 (_)_____| |   | | |  _| \___ \ | |   | |_) / _ \ \___ \\___ \|  _| | | | |
  _|_____| |   | | | |___ ___) || |   |  __/ ___ \ ___) |___) | |___| |_| |
 (_)     | |   |_| |_____|____/ |_|   |_| /_/   \_\____/|____/|_____|____/ 
        /_/                                                                

TEST PASSED: Open Tarifario
----------------------------------------------------------------------------
]]></system-err>
</testsuite>
